2022-07-21 09:00:02,496 - root - INFO - 

***** starting gs_nft_api.py *****

2022-07-21 09:00:10,841 - root - INFO - gathering data on collection 1 of 358 - anime {'itemCount': 2, 'floorPrice': '0', 'totalVolume': '0', 'forSale': '0'}
2022-07-21 09:00:12,782 - root - INFO - gathering data on collection 2 of 358 - gaming {'itemCount': 2, 'floorPrice': '10000000000000000', 'totalVolume': '790000000000000000', 'forSale': '1433'}
2022-07-21 09:00:15,096 - root - INFO - gathering data on collection 3 of 358 - fine-art {'itemCount': 13, 'floorPrice': '80000000000000000', 'totalVolume': '672000000000000000', 'forSale': '12'}
2022-07-21 09:00:16,178 - root - INFO - gathering data on collection 4 of 358 - Shrunken1 {'itemCount': 139, 'floorPrice': '0', 'totalVolume': '0', 'forSale': '0'}
2022-07-21 09:00:18,314 - root - INFO - gathering data on collection 5 of 358 - Layer2Mechs {'itemCount': 74, 'floorPrice': '110000000000000000', 'totalVolume': '9545000000000000000', 'forSale': '59'}
2022-07-21 09:00:20,448 - root - INFO - gathering data on collection 6 of 358 - lake-of-fire {'itemCount': 1, 'floorPrice': '0', 'totalVolume': '0', 'forSale': '0'}
2022-07-21 09:00:22,488 - root - INFO - gathering data on collection 7 of 358 - NFTurtles {'itemCount': 1, 'floorPrice': '0', 'totalVolume': '0', 'forSale': '0'}
2022-07-21 09:00:24,683 - root - INFO - gathering data on collection 8 of 358 - cybercrewclub {'itemCount': 1, 'floorPrice': '597000000000000000', 'totalVolume': '82902390000000000000', 'forSale': '28'}
2022-07-21 09:00:27,650 - root - INFO - gathering data on collection 9 of 358 - moonmen {'itemCount': 2, 'floorPrice': '2500000000000000000', 'totalVolume': '2200000000000000000', 'forSale': '1'}
2022-07-21 09:00:28,695 - root - INFO - gathering data on collection 10 of 358 - RainbowsAndKittys {'itemCount': 30, 'floorPrice': '190000000000000000', 'totalVolume': '400000000000000000', 'forSale': '29'}
2022-07-21 09:00:30,946 - root - INFO - gathering data on collection 11 of 358 - spooks {'itemCount': 8, 'floorPrice': '450000000000000000', 'totalVolume': '157000000000000000', 'forSale': '9'}
2022-07-21 09:00:32,918 - root - INFO - gathering data on collection 12 of 358 - neons {'itemCount': 1, 'floorPrice': '230000000000000000', 'totalVolume': '750000000000000000', 'forSale': '19'}
2022-07-21 09:00:33,573 - root - INFO - gathering data on collection 13 of 358 - plus {'itemCount': 5, 'floorPrice': '10100000000000000', 'totalVolume': '646400000000000000', 'forSale': '347'}
2022-07-21 09:00:34,467 - root - INFO - gathering data on collection 14 of 358 - mobgoblins {'itemCount': 48, 'floorPrice': '70000000000000000', 'totalVolume': '849000000000000000', 'forSale': '49'}
2022-07-21 09:00:35,723 - root - INFO - gathering data on collection 15 of 358 - the-ops {'itemCount': 7, 'floorPrice': '0', 'totalVolume': '0', 'forSale': '0'}
2022-07-21 09:00:36,826 - root - INFO - gathering data on collection 16 of 358 - LOVgifs {'itemCount': 7, 'floorPrice': '8000000000000000', 'totalVolume': '1590500000000000000', 'forSale': '235'}
2022-07-21 09:00:38,886 - root - INFO - gathering data on collection 17 of 358 - Neo-Yosemite-6 {'itemCount': 110, 'floorPrice': '30000000000000000', 'totalVolume': '1580000000000000000', 'forSale': '91'}
2022-07-21 09:00:40,106 - root - INFO - gathering data on collection 18 of 358 - Aspects {'itemCount': 3, 'floorPrice': '39900000000000000', 'totalVolume': '8832970000000000000', 'forSale': '51'}
2022-07-21 09:00:42,265 - root - INFO - gathering data on collection 19 of 358 - TrippyDreams {'itemCount': 15, 'floorPrice': '30000000000000000', 'totalVolume': '1669000000000000000', 'forSale': '323'}
2022-07-21 09:00:44,589 - root - INFO - gathering data on collection 20 of 358 - MonkeyAi {'itemCount': 9, 'floorPrice': '10000000000000000', 'totalVolume': '860000000000000000', 'forSale': '360'}
2022-07-21 09:00:45,325 - root - INFO - gathering data on collection 21 of 358 - dookithedog {'itemCount': 10, 'floorPrice': '30000000000000000', 'totalVolume': '2103800000000000000', 'forSale': '93'}
2022-07-21 09:00:45,977 - root - INFO - gathering data on collection 22 of 358 - legacy {'itemCount': 449, 'floorPrice': '300000000000000000', 'totalVolume': '0', 'forSale': '8'}
2022-07-21 09:00:48,662 - root - INFO - gathering data on collection 23 of 358 - loopcatsxcrayons {'itemCount': 6, 'floorPrice': '0', 'totalVolume': '4645780000000000000', 'forSale': '0'}
2022-07-21 09:00:50,799 - root - INFO - gathering data on collection 24 of 358 - blob {'itemCount': 100, 'floorPrice': '17000000000000000', 'totalVolume': '1636000000000000000', 'forSale': '91'}
2022-07-21 09:00:52,650 - root - INFO - gathering data on collection 25 of 358 - done-by-ai {'itemCount': 36, 'floorPrice': '6700000000000000', 'totalVolume': '4801150000000000000', 'forSale': '5081'}
2022-07-21 09:00:53,523 - root - INFO - gathering data on collection 26 of 358 - collectibles {'itemCount': 20, 'floorPrice': '4500000000000000', 'totalVolume': '5851070000000000000', 'forSale': '413'}
2022-07-21 09:00:56,323 - root - INFO - gathering data on collection 27 of 358 - Neo-Yosemite-5 {'itemCount': 20, 'floorPrice': '69690000000000000000', 'totalVolume': '2875170000000000000', 'forSale': '2'}
2022-07-21 09:00:58,516 - root - INFO - gathering data on collection 28 of 358 - Rings {'itemCount': 4, 'floorPrice': '50000000000000000', 'totalVolume': '3400000000000000000', 'forSale': '2899'}
2022-07-21 09:00:59,144 - root - INFO - gathering data on collection 29 of 358 - blockheads {'itemCount': 8, 'floorPrice': '23000000000000000', 'totalVolume': '1087480000000000000', 'forSale': '17'}
2022-07-21 09:01:00,225 - root - INFO - gathering data on collection 30 of 358 - pixelconstruct {'itemCount': 2, 'floorPrice': '1000000000000000000', 'totalVolume': '0', 'forSale': '2'}
2022-07-21 09:01:03,243 - root - INFO - gathering data on collection 31 of 358 - runes {'itemCount': 1, 'floorPrice': '0', 'totalVolume': '0', 'forSale': '0'}
2022-07-21 09:01:06,150 - root - INFO - gathering data on collection 32 of 358 - l2dragonz {'itemCount': 3, 'floorPrice': '0', 'totalVolume': '0', 'forSale': '0'}
2022-07-21 09:01:07,482 - root - INFO - gathering data on collection 33 of 358 - frequenciesperformances2 {'itemCount': 3, 'floorPrice': '0', 'totalVolume': '0', 'forSale': '0'}
2022-07-21 09:01:09,529 - root - INFO - gathering data on collection 34 of 358 - cybersonixvisualizers {'itemCount': 2, 'floorPrice': '0', 'totalVolume': '0', 'forSale': '0'}
2022-07-21 09:01:12,611 - root - INFO - gathering data on collection 35 of 358 - WTfourM {'itemCount': 3, 'floorPrice': '500000000000000', 'totalVolume': '430000000000000000', 'forSale': '9240'}
2022-07-21 09:01:14,813 - root - INFO - gathering data on collection 36 of 358 - Pixelsoulies {'itemCount': 5, 'floorPrice': '2000000000000000', 'totalVolume': '11618870000000000000', 'forSale': '560'}
2022-07-21 09:01:16,835 - root - INFO - gathering data on collection 37 of 358 - circaredux {'itemCount': 15, 'floorPrice': '4900000000000000', 'totalVolume': '2905660000000000000', 'forSale': '490'}
2022-07-21 09:01:19,849 - root - INFO - gathering data on collection 38 of 358 - Neo-Yosemite-4 {'itemCount': 127, 'floorPrice': '27000000000000000', 'totalVolume': '6905850000000000000', 'forSale': '72'}
2022-07-21 09:01:21,255 - root - INFO - gathering data on collection 39 of 358 - haunted-dolls {'itemCount': 8, 'floorPrice': '1800000000000000', 'totalVolume': '1580620000000000000', 'forSale': '467'}
2022-07-21 09:01:22,658 - root - INFO - gathering data on collection 40 of 358 - tiles {'itemCount': 28, 'floorPrice': '10000000000000000', 'totalVolume': '20000000000000000', 'forSale': '2798'}
2022-07-21 09:01:24,632 - root - INFO - gathering data on collection 41 of 358 - PurpleRings {'itemCount': 12, 'floorPrice': '5000000000000000', 'totalVolume': '11720290000000000000', 'forSale': '3895'}
2022-07-21 09:01:26,090 - root - INFO - gathering data on collection 42 of 358 - Skies {'itemCount': 7, 'floorPrice': '5000000000000000', 'totalVolume': '80000000000000000', 'forSale': '684'}
2022-07-21 09:01:27,693 - root - INFO - gathering data on collection 43 of 358 - HumanNature {'itemCount': 10, 'floorPrice': '5000000000000000', 'totalVolume': '30000000000000000', 'forSale': '994'}
2022-07-21 09:01:30,315 - root - INFO - gathering data on collection 44 of 358 - thebackrooms {'itemCount': 1, 'floorPrice': '2999990000000000000', 'totalVolume': '1000000000000000000', 'forSale': '2'}
2022-07-21 09:01:32,717 - root - INFO - gathering data on collection 45 of 358 - reimagine {'itemCount': 4, 'floorPrice': '100000000000000000', 'totalVolume': '1000000000000000000', 'forSale': '35'}
2022-07-21 09:01:33,157 - root - INFO - gathering data on collection 46 of 358 - hexagons {'itemCount': 16, 'floorPrice': '10000000000000000', 'totalVolume': '120000000000000000', 'forSale': '1688'}
2022-07-21 09:01:34,333 - root - INFO - gathering data on collection 47 of 358 - AbandonedPlaces {'itemCount': 9, 'floorPrice': '5000000000000000', 'totalVolume': '45000000000000000', 'forSale': '891'}
2022-07-21 09:01:35,402 - root - INFO - gathering data on collection 48 of 358 - superzero {'itemCount': 5, 'floorPrice': '0', 'totalVolume': '3436000000000000000', 'forSale': '0'}
2022-07-21 09:01:37,554 - root - INFO - gathering data on collection 49 of 358 - CryptoShadesCollection {'itemCount': 12, 'floorPrice': '90000000000000000', 'totalVolume': '1451000000000000000', 'forSale': '8'}
2022-07-21 09:01:39,571 - root - INFO - gathering data on collection 50 of 358 - abc {'itemCount': 26, 'floorPrice': '20000000000000000', 'totalVolume': '1000000000000000000', 'forSale': '6451'}
2022-07-21 09:01:42,004 - root - INFO - gathering data on collection 51 of 358 - time-god {'itemCount': 20, 'floorPrice': '29000000000000000', 'totalVolume': '1172900000000000000', 'forSale': '182'}
2022-07-21 09:01:43,411 - root - INFO - gathering data on collection 52 of 358 - MetaBoyHonorary {'itemCount': 1, 'floorPrice': '549000000000000000', 'totalVolume': '357444580000000000000', 'forSale': '203'}
2022-07-21 09:01:45,454 - root - INFO - gathering data on collection 53 of 358 - esoeandnaleh {'itemCount': 3, 'floorPrice': '0', 'totalVolume': '0', 'forSale': '0'}
2022-07-21 09:01:48,214 - root - INFO - gathering data on collection 54 of 358 - BabySilentGirl {'itemCount': 100, 'floorPrice': '15000000000000000', 'totalVolume': '1851690000000000000', 'forSale': '78'}
2022-07-21 09:01:48,701 - root - INFO - gathering data on collection 55 of 358 - OGTGWFS {'itemCount': 36, 'floorPrice': '1000000000000000000', 'totalVolume': '0', 'forSale': '13'}
2022-07-21 09:01:49,449 - root - INFO - gathering data on collection 56 of 358 - SomeBlues {'itemCount': 1, 'floorPrice': '3000000000000000', 'totalVolume': '1112690000000000000', 'forSale': '575'}
2022-07-21 09:01:49,908 - root - INFO - gathering data on collection 57 of 358 - crash-test-dummies {'itemCount': 55, 'floorPrice': '90000000000000000', 'totalVolume': '5223000000000000000', 'forSale': '36'}
2022-07-21 09:01:52,216 - root - INFO - gathering data on collection 58 of 358 - GoldenGirls {'itemCount': 5, 'floorPrice': '29000000000000000', 'totalVolume': '15503970000000000000', 'forSale': '79'}
2022-07-21 09:01:53,743 - root - INFO - gathering data on collection 59 of 358 - dystopian-gardens {'itemCount': 50, 'floorPrice': '30000000000000000', 'totalVolume': '120000000000000000', 'forSale': '243'}
2022-07-21 09:01:56,781 - root - INFO - gathering data on collection 60 of 358 - fanimations {'itemCount': 3, 'floorPrice': '500000000000000000', 'totalVolume': '700000000000000000', 'forSale': '3'}
2022-07-21 09:01:58,214 - root - INFO - gathering data on collection 61 of 358 - Monke {'itemCount': 15, 'floorPrice': '48800000000000000', 'totalVolume': '4920170000000000000', 'forSale': '201'}
2022-07-21 09:01:59,667 - root - INFO - gathering data on collection 62 of 358 - sidequest {'itemCount': 1, 'floorPrice': '75000000000000000', 'totalVolume': '475000000000000000', 'forSale': '29'}
2022-07-21 09:02:02,749 - root - INFO - gathering data on collection 63 of 358 - skelevision-prints {'itemCount': 12, 'floorPrice': '50000000000000000', 'totalVolume': '950000000000000000', 'forSale': '102'}
2022-07-21 09:02:04,487 - root - INFO - gathering data on collection 64 of 358 - tgwfsinteractive {'itemCount': 3, 'floorPrice': '20000000000000000', 'totalVolume': '440000000000000000', 'forSale': '385'}
2022-07-21 09:02:06,177 - root - INFO - gathering data on collection 65 of 358 - Pampit {'itemCount': 10, 'floorPrice': '5000000000000000', 'totalVolume': '160000000000000000', 'forSale': '974'}
2022-07-21 09:02:08,011 - root - INFO - gathering data on collection 66 of 358 - HolidayBoys {'itemCount': 10, 'floorPrice': '35000000000000000', 'totalVolume': '11405880000000000000', 'forSale': '58'}
2022-07-21 09:02:09,190 - root - INFO - gathering data on collection 67 of 358 - FVNFT {'itemCount': 1, 'floorPrice': '7000000000000000', 'totalVolume': '1048200000000000000', 'forSale': '410'}
2022-07-21 09:02:12,143 - root - INFO - gathering data on collection 68 of 358 - in-the-weedz {'itemCount': 201, 'floorPrice': '80000000000000000', 'totalVolume': '1730000000000000000', 'forSale': '268'}
2022-07-21 09:02:13,248 - root - INFO - gathering data on collection 69 of 358 - psych-flowers {'itemCount': 4, 'floorPrice': '25000000000000000', 'totalVolume': '2116290000000000000', 'forSale': '26'}
2022-07-21 09:02:14,742 - root - INFO - gathering data on collection 70 of 358 - cryptopom {'itemCount': 4, 'floorPrice': '45000000000000000', 'totalVolume': '5228100000000000000', 'forSale': '127'}
2022-07-21 09:02:17,889 - root - INFO - gathering data on collection 71 of 358 - tgwfs6 {'itemCount': 6, 'floorPrice': '4000000000000000', 'totalVolume': '435270000000000000', 'forSale': '1712'}
2022-07-21 09:02:18,362 - root - INFO - gathering data on collection 72 of 358 - tgfws5 {'itemCount': 6, 'floorPrice': '4000000000000000', 'totalVolume': '780080000000000000', 'forSale': '1033'}
2022-07-21 09:02:20,398 - root - INFO - gathering data on collection 73 of 358 - Skelevision {'itemCount': 11, 'floorPrice': '15000000000000000', 'totalVolume': '1686180000000000000', 'forSale': '213'}
2022-07-21 09:02:23,508 - root - INFO - gathering data on collection 74 of 358 - neo-yosemite-3 {'itemCount': 366, 'floorPrice': '30000000000000000', 'totalVolume': '12857790000000000000', 'forSale': '249'}
2022-07-21 09:02:24,710 - root - INFO - gathering data on collection 75 of 358 - flower-death {'itemCount': 13, 'floorPrice': '14800000000000000', 'totalVolume': '5801700000000000000', 'forSale': '1168'}
2022-07-21 09:02:27,241 - root - INFO - gathering data on collection 76 of 358 - the-last-chimpanzee {'itemCount': 75, 'floorPrice': '49000000000000000', 'totalVolume': '3541410000000000000', 'forSale': '52'}
2022-07-21 09:02:28,694 - root - INFO - gathering data on collection 77 of 358 - CHADS {'itemCount': 68, 'floorPrice': '0', 'totalVolume': '0', 'forSale': '0'}
2022-07-21 09:02:31,309 - root - INFO - gathering data on collection 78 of 358 - abstracts {'itemCount': 24, 'floorPrice': '6000000000000000', 'totalVolume': '4842550000000000000', 'forSale': '2115'}
2022-07-21 09:02:33,891 - root - INFO - gathering data on collection 79 of 358 - PARASITETRIBE {'itemCount': 30, 'floorPrice': '2700000000000000', 'totalVolume': '6055180000000000000', 'forSale': '4119'}
2022-07-21 09:02:37,170 - root - INFO - gathering data on collection 80 of 358 - RumRunnersCollectibles {'itemCount': 3, 'floorPrice': '6900000000000000', 'totalVolume': '8647140000000000000', 'forSale': '274'}
2022-07-21 09:02:38,654 - root - INFO - gathering data on collection 81 of 358 - the-creeps {'itemCount': 19, 'floorPrice': '80000000000000000', 'totalVolume': '11383000000000000000', 'forSale': '105'}
2022-07-21 09:02:42,094 - root - INFO - gathering data on collection 82 of 358 - superstonk {'itemCount': 7, 'floorPrice': '750000000000000000', 'totalVolume': '137171140000000000000', 'forSale': '7'}
2022-07-21 09:02:43,852 - root - INFO - gathering data on collection 83 of 358 - DnDBattlemaps {'itemCount': 9, 'floorPrice': '2500000000000000', 'totalVolume': '271000000000000000', 'forSale': '9947'}
2022-07-21 09:02:44,701 - root - INFO - gathering data on collection 84 of 358 - Worldmaps {'itemCount': 4, 'floorPrice': '2500000000000000', 'totalVolume': '680810000000000000', 'forSale': '3881'}
2022-07-21 09:02:48,412 - root - INFO - gathering data on collection 85 of 358 - SilentGirlCollectibles {'itemCount': 100, 'floorPrice': '3000000000000000', 'totalVolume': '24152660000000000000', 'forSale': '3856'}
2022-07-21 09:02:50,877 - root - INFO - gathering data on collection 86 of 358 - nun-and-the-priest {'itemCount': 56, 'floorPrice': '19000000000000000', 'totalVolume': '4388400000000000000', 'forSale': '435'}
2022-07-21 09:02:53,870 - root - INFO - gathering data on collection 87 of 358 - Neo-Yosemite-2 {'itemCount': 143, 'floorPrice': '34800000000000000', 'totalVolume': '12268900000000000000', 'forSale': '96'}
2022-07-21 09:02:55,348 - root - INFO - gathering data on collection 88 of 358 - nolenlee {'itemCount': 1, 'floorPrice': '600000000000000000', 'totalVolume': '300000000000000000', 'forSale': '1'}
2022-07-21 09:02:56,683 - root - INFO - gathering data on collection 89 of 358 - AbovetheClouds {'itemCount': 11, 'floorPrice': '10900000000000000', 'totalVolume': '29760580000000000000', 'forSale': '596'}
2022-07-21 09:02:57,913 - root - INFO - gathering data on collection 90 of 358 - lettuce {'itemCount': 12, 'floorPrice': '1790000000000000', 'totalVolume': '8560600000000000000', 'forSale': '2363'}
2022-07-21 09:03:00,437 - root - INFO - gathering data on collection 91 of 358 - portrait {'itemCount': 5, 'floorPrice': '200000000000000000', 'totalVolume': '5850000000000000000', 'forSale': '16'}
2022-07-21 09:03:03,610 - root - INFO - gathering data on collection 92 of 358 - collectable-stickers {'itemCount': 28, 'floorPrice': '5000000000000000', 'totalVolume': '14887470000000000000', 'forSale': '3872'}
2022-07-21 09:03:04,141 - root - INFO - gathering data on collection 93 of 358 - loopingu-stickers {'itemCount': 11, 'floorPrice': '2800000000000000', 'totalVolume': '6473330000000000000', 'forSale': '49071'}
2022-07-21 09:03:04,769 - root - INFO - gathering data on collection 94 of 358 - pirate-skullz {'itemCount': 7, 'floorPrice': '1500000000000000000', 'totalVolume': '1400000000000000000', 'forSale': '4'}
2022-07-21 09:03:07,677 - root - INFO - gathering data on collection 95 of 358 - Moon222Stickers {'itemCount': 12, 'floorPrice': '2900000000000000', 'totalVolume': '4690080000000000000', 'forSale': '779'}
2022-07-21 09:03:09,559 - root - INFO - gathering data on collection 96 of 358 - random {'itemCount': 1, 'floorPrice': '0', 'totalVolume': '0', 'forSale': '0'}
2022-07-21 09:03:10,345 - root - INFO - gathering data on collection 97 of 358 - power2collab {'itemCount': 3, 'floorPrice': '400000000000000000', 'totalVolume': '3150000000000000000', 'forSale': '6'}
2022-07-21 09:03:10,930 - root - INFO - gathering data on collection 98 of 358 - skeleton-unicorn {'itemCount': 15, 'floorPrice': '20000000000000000', 'totalVolume': '9623510000000000000', 'forSale': '87'}
2022-07-21 09:03:12,258 - root - INFO - gathering data on collection 99 of 358 - Neo-Yosemite {'itemCount': 86, 'floorPrice': '14990000000000000', 'totalVolume': '3915690000000000000', 'forSale': '51'}
2022-07-21 09:03:14,332 - root - INFO - gathering data on collection 100 of 358 - Stickers {'itemCount': 10, 'floorPrice': '4400000000000000', 'totalVolume': '2754900000000000000', 'forSale': '9520'}
2022-07-21 09:03:14,989 - root - INFO - gathering data on collection 101 of 358 - transparentvoodoo {'itemCount': 116, 'floorPrice': '7000000000000000', 'totalVolume': '12625750000000000000', 'forSale': '157'}
2022-07-21 09:03:16,731 - root - INFO - gathering data on collection 102 of 358 - stonkape {'itemCount': 1, 'floorPrice': '0', 'totalVolume': '2600000000000000000', 'forSale': '0'}
2022-07-21 09:03:19,429 - root - INFO - gathering data on collection 103 of 358 - ThanksRyan {'itemCount': 2, 'floorPrice': '0', 'totalVolume': '957000000000000000', 'forSale': '0'}
2022-07-21 09:03:20,175 - root - INFO - gathering data on collection 104 of 358 - deepvaluekitty {'itemCount': 1, 'floorPrice': '0', 'totalVolume': '34324430000000000000', 'forSale': '0'}
2022-07-21 09:03:23,253 - root - INFO - gathering data on collection 105 of 358 - punchingpandaspack {'itemCount': 1, 'floorPrice': '0', 'totalVolume': '0', 'forSale': '0'}
2022-07-21 09:03:25,895 - root - INFO - gathering data on collection 106 of 358 - visions-of-vishnu {'itemCount': 4, 'floorPrice': '57500000000000000', 'totalVolume': '1785000000000000000', 'forSale': '19'}
2022-07-21 09:03:26,336 - root - INFO - gathering data on collection 107 of 358 - hipster {'itemCount': 12, 'floorPrice': '49000000000000000', 'totalVolume': '1392000000000000000', 'forSale': '86'}
2022-07-21 09:03:29,096 - root - INFO - gathering data on collection 108 of 358 - human-food {'itemCount': 3, 'floorPrice': '0', 'totalVolume': '750000000000000000', 'forSale': '0'}
2022-07-21 09:03:30,636 - root - INFO - gathering data on collection 109 of 358 - TheDeli {'itemCount': 18, 'floorPrice': '20000000000000000', 'totalVolume': '4078680000000000000', 'forSale': '100'}
2022-07-21 09:03:31,146 - root - INFO - gathering data on collection 110 of 358 - isThisArt {'itemCount': 5, 'floorPrice': '785000000000000000', 'totalVolume': '2777000000000000000', 'forSale': '3'}
2022-07-21 09:03:32,393 - root - INFO - gathering data on collection 111 of 358 - AiApe {'itemCount': 15, 'floorPrice': '94890000000000000', 'totalVolume': '19217780000000000000', 'forSale': '44'}
2022-07-21 09:03:34,419 - root - INFO - gathering data on collection 112 of 358 - modulor {'itemCount': 7, 'floorPrice': '18000000000000000', 'totalVolume': '6085580000000000000', 'forSale': '86'}
2022-07-21 09:03:35,535 - root - INFO - gathering data on collection 113 of 358 - vinzomniaccollabs {'itemCount': 2, 'floorPrice': '150000000000000000', 'totalVolume': '200000000000000000', 'forSale': '3'}
2022-07-21 09:03:38,239 - root - INFO - gathering data on collection 114 of 358 - artist {'itemCount': 1, 'floorPrice': '0', 'totalVolume': '500000000000000000', 'forSale': '0'}
2022-07-21 09:03:40,061 - root - INFO - gathering data on collection 115 of 358 - BumbleberryCollaborations {'itemCount': 1, 'floorPrice': '200000000000000000', 'totalVolume': '0', 'forSale': '5'}
2022-07-21 09:03:41,270 - root - INFO - gathering data on collection 116 of 358 - pixels {'itemCount': 7, 'floorPrice': '24000000000000000', 'totalVolume': '6850150000000000000', 'forSale': '118'}
2022-07-21 09:03:43,282 - root - INFO - gathering data on collection 117 of 358 - misfitbranding {'itemCount': 1, 'floorPrice': '0', 'totalVolume': '0', 'forSale': '0'}
2022-07-21 09:03:45,187 - root - INFO - gathering data on collection 118 of 358 - Wav {'itemCount': 4, 'floorPrice': '19500000000000000', 'totalVolume': '7003990000000000000', 'forSale': '56'}
2022-07-21 09:03:47,255 - root - INFO - gathering data on collection 119 of 358 - lc-accessories {'itemCount': 26, 'floorPrice': '4990000000000000', 'totalVolume': '2139590000000000000', 'forSale': '10394'}
2022-07-21 09:03:50,003 - root - INFO - gathering data on collection 120 of 358 - lcxhideaway {'itemCount': 1, 'floorPrice': '200000000000000000', 'totalVolume': '400000000000000000', 'forSale': '3'}
2022-07-21 09:03:50,751 - root - INFO - gathering data on collection 121 of 358 - collaborations {'itemCount': 1, 'floorPrice': '200000000000000000', 'totalVolume': '200000000000000000', 'forSale': '4'}
2022-07-21 09:03:53,535 - root - INFO - gathering data on collection 122 of 358 - giveaways {'itemCount': 1, 'floorPrice': '0', 'totalVolume': '0', 'forSale': '0'}
2022-07-21 09:03:55,208 - root - INFO - gathering data on collection 123 of 358 - polyform_labs {'itemCount': 1, 'floorPrice': '0', 'totalVolume': '0', 'forSale': '0'}
2022-07-21 09:03:58,314 - root - INFO - gathering data on collection 124 of 358 - OrdinaryCollab {'itemCount': 1, 'floorPrice': '1500000000000000000', 'totalVolume': '1000000000000000000', 'forSale': '3'}
2022-07-21 09:04:00,168 - root - INFO - gathering data on collection 125 of 358 - ASBTcollabs {'itemCount': 1, 'floorPrice': '480000000000000000', 'totalVolume': '1000000000000000000', 'forSale': '1'}
2022-07-21 09:04:01,779 - root - INFO - gathering data on collection 126 of 358 - skinner {'itemCount': 9, 'floorPrice': '99000000000000000', 'totalVolume': '780000000000000000', 'forSale': '18'}
2022-07-21 09:04:04,847 - root - INFO - gathering data on collection 127 of 358 - partners {'itemCount': 1, 'floorPrice': '200000000000000000', 'totalVolume': '400000000000000000', 'forSale': '3'}
2022-07-21 09:04:06,909 - root - INFO - gathering data on collection 128 of 358 - theksstory {'itemCount': 1, 'floorPrice': '0', 'totalVolume': '0', 'forSale': '0'}
2022-07-21 09:04:07,394 - root - INFO - gathering data on collection 129 of 358 - Storm109collaborations {'itemCount': 1, 'floorPrice': '200000000000000000', 'totalVolume': '400000000000000000', 'forSale': '5'}
2022-07-21 09:04:10,404 - root - INFO - gathering data on collection 130 of 358 - demons {'itemCount': 17, 'floorPrice': '6500000000000000', 'totalVolume': '8878210000000000000', 'forSale': '1987'}
2022-07-21 09:04:10,836 - root - INFO - gathering data on collection 131 of 358 - StupidMonkeysCollab {'itemCount': 3, 'floorPrice': '170000000000000000', 'totalVolume': '400000000000000000', 'forSale': '7'}
2022-07-21 09:04:13,062 - root - INFO - gathering data on collection 132 of 358 - dtweeniespecials {'itemCount': 3, 'floorPrice': '10000000000000000000', 'totalVolume': '4900000000000000000', 'forSale': '1'}
2022-07-21 09:04:15,496 - root - INFO - gathering data on collection 133 of 358 - collabs {'itemCount': 2, 'floorPrice': '200000000000000000', 'totalVolume': '0', 'forSale': '5'}
2022-07-21 09:04:18,271 - root - INFO - gathering data on collection 134 of 358 - collab {'itemCount': 1, 'floorPrice': '200000000000000000', 'totalVolume': '0', 'forSale': '5'}
2022-07-21 09:04:21,010 - root - INFO - gathering data on collection 135 of 358 - vault {'itemCount': 1, 'floorPrice': '0', 'totalVolume': '10000000000000000000', 'forSale': '0'}
2022-07-21 09:04:22,122 - root - INFO - gathering data on collection 136 of 358 - LoopfishLaunchCreatorCollabs {'itemCount': 15, 'floorPrice': '200000000000000000', 'totalVolume': '5300000000000000000', 'forSale': '68'}
2022-07-21 09:04:24,379 - root - INFO - gathering data on collection 137 of 358 - gemstones {'itemCount': 12, 'floorPrice': '50000000000000000', 'totalVolume': '9575800000000000000', 'forSale': '288'}
2022-07-21 09:04:26,692 - root - INFO - gathering data on collection 138 of 358 - yaboynancyportraits {'itemCount': 99, 'floorPrice': '12000000000000000', 'totalVolume': '61732110000000000000', 'forSale': '1476'}
2022-07-21 09:04:29,434 - root - INFO - gathering data on collection 139 of 358 - stonegodsarchives {'itemCount': 9, 'floorPrice': '50000000000000000', 'totalVolume': '1750000000000000000', 'forSale': '56'}
2022-07-21 09:04:30,817 - root - INFO - gathering data on collection 140 of 358 - yaboynancymusic {'itemCount': 7, 'floorPrice': '25000000000000000', 'totalVolume': '4194970000000000000', 'forSale': '405'}
2022-07-21 09:04:33,880 - root - INFO - gathering data on collection 141 of 358 - Brainie-Collabs {'itemCount': 7, 'floorPrice': '5000000000000000', 'totalVolume': '5219900000000000000', 'forSale': '9917'}
2022-07-21 09:04:35,014 - root - INFO - gathering data on collection 142 of 358 - PixelPupHeadPFP {'itemCount': 13, 'floorPrice': '9800000000000000', 'totalVolume': '3956410000000000000', 'forSale': '179'}
2022-07-21 09:04:36,120 - root - INFO - gathering data on collection 143 of 358 - 3020s {'itemCount': 6, 'floorPrice': '37000000000000000', 'totalVolume': '17672740000000000000', 'forSale': '92'}
2022-07-21 09:04:38,593 - root - INFO - gathering data on collection 144 of 358 - Beep3D {'itemCount': 31, 'floorPrice': '13800000000000000', 'totalVolume': '21390010000000000000', 'forSale': '445'}
2022-07-21 09:04:41,232 - root - INFO - gathering data on collection 145 of 358 - Thugz-Collabs {'itemCount': 1, 'floorPrice': '69000000000000000000', 'totalVolume': '300000000000000000', 'forSale': '1'}
2022-07-21 09:04:43,309 - root - INFO - gathering data on collection 146 of 358 - thugz-stickers {'itemCount': 3, 'floorPrice': '5000000000000000', 'totalVolume': '256600000000000000', 'forSale': '110'}
2022-07-21 09:04:46,261 - root - INFO - gathering data on collection 147 of 358 - Halfdan {'itemCount': 2267, 'floorPrice': '18990000000000000', 'totalVolume': '2680000000000000000', 'forSale': '1779'}
2022-07-21 09:04:47,849 - root - INFO - gathering data on collection 148 of 358 - corks {'itemCount': 1010, 'floorPrice': '69000000000000000', 'totalVolume': '3077000000000000000', 'forSale': '989'}
2022-07-21 09:04:51,337 - root - INFO - gathering data on collection 149 of 358 - AI_ART {'itemCount': 60, 'floorPrice': '19000000000000000', 'totalVolume': '127689750000000000000', 'forSale': '793'}
2022-07-21 09:04:52,564 - root - INFO - gathering data on collection 150 of 358 - Moon222Collabs {'itemCount': 8, 'floorPrice': '150000000000000000', 'totalVolume': '1950000000000000000', 'forSale': '13'}
2022-07-21 09:04:54,214 - root - INFO - gathering data on collection 151 of 358 - poos {'itemCount': 101, 'floorPrice': '100000000000000000', 'totalVolume': '2320000000000000000', 'forSale': '35'}
2022-07-21 09:04:54,925 - root - INFO - gathering data on collection 152 of 358 - P2a_Pixel_spin-off {'itemCount': 5, 'floorPrice': '42000000000000000', 'totalVolume': '29341670000000000000', 'forSale': '162'}
2022-07-21 09:04:56,393 - root - INFO - gathering data on collection 153 of 358 - esports {'itemCount': 1, 'floorPrice': '26700000000000000', 'totalVolume': '863000000000000000', 'forSale': '13'}
2022-07-21 09:04:58,050 - root - INFO - gathering data on collection 154 of 358 - yaboynancystory {'itemCount': 14, 'floorPrice': '5990000000000000', 'totalVolume': '12390110000000000000', 'forSale': '375'}
2022-07-21 09:04:59,729 - root - INFO - gathering data on collection 155 of 358 - ExpoTV {'itemCount': 3, 'floorPrice': '16900000000000000', 'totalVolume': '1118790000000000000', 'forSale': '64'}
2022-07-21 09:05:02,037 - root - INFO - gathering data on collection 156 of 358 - daz-season-one {'itemCount': 51, 'floorPrice': '4000000000000000', 'totalVolume': '47562140000000000000', 'forSale': '163877'}
2022-07-21 09:05:04,321 - root - INFO - gathering data on collection 157 of 358 - DOHProfile {'itemCount': 1, 'floorPrice': '0', 'totalVolume': '0', 'forSale': '0'}
2022-07-21 09:05:07,194 - root - INFO - gathering data on collection 158 of 358 - Electricdreams {'itemCount': 1, 'floorPrice': '84000000000000000', 'totalVolume': '588000000000000000', 'forSale': '93'}
2022-07-21 09:05:09,349 - root - INFO - gathering data on collection 159 of 358 - Potions {'itemCount': 9, 'floorPrice': '100000000000000000', 'totalVolume': '2800000000000000000', 'forSale': '17'}
2022-07-21 09:05:12,497 - root - INFO - gathering data on collection 160 of 358 - SyrupBunnies {'itemCount': 9, 'floorPrice': '500000000000000000', 'totalVolume': '370000000000000000', 'forSale': '7'}
2022-07-21 09:05:13,287 - root - INFO - gathering data on collection 161 of 358 - misfit {'itemCount': 2, 'floorPrice': '28900000000000000', 'totalVolume': '11734260000000000000', 'forSale': '72'}
2022-07-21 09:05:14,541 - root - INFO - gathering data on collection 162 of 358 - LoopfishPrivateCollectionElectroVariants {'itemCount': 30, 'floorPrice': '200000000000000000', 'totalVolume': '3299000000000000000', 'forSale': '12'}
2022-07-21 09:05:16,814 - root - INFO - gathering data on collection 163 of 358 - AGNCOMMUNITY {'itemCount': 1, 'floorPrice': '30000000000000000', 'totalVolume': '180000000000000000', 'forSale': '21'}
2022-07-21 09:05:19,841 - root - INFO - gathering data on collection 164 of 358 - memcards {'itemCount': 1010, 'floorPrice': '57000000000000000', 'totalVolume': '1994000000000000000', 'forSale': '1024'}
2022-07-21 09:05:20,480 - root - INFO - gathering data on collection 165 of 358 - the-victorian-undead {'itemCount': 30, 'floorPrice': '28490000000000000', 'totalVolume': '13084800000000000000', 'forSale': '163'}
2022-07-21 09:05:21,925 - root - INFO - gathering data on collection 166 of 358 - blockchain-demoness {'itemCount': 22, 'floorPrice': '29000000000000000', 'totalVolume': '7721990000000000000', 'forSale': '148'}
2022-07-21 09:05:25,195 - root - INFO - gathering data on collection 167 of 358 - SilentGirlClassic {'itemCount': 141, 'floorPrice': '2400000000000000', 'totalVolume': '16495440000000000000', 'forSale': '3381'}
2022-07-21 09:05:27,914 - root - INFO - gathering data on collection 168 of 358 - StupidMonkeysExtra {'itemCount': 8, 'floorPrice': '33000000000000000', 'totalVolume': '5013820000000000000', 'forSale': '48'}
2022-07-21 09:05:30,420 - root - INFO - gathering data on collection 169 of 358 - movingparts {'itemCount': 1, 'floorPrice': '84000000000000000', 'totalVolume': '84000000000000000', 'forSale': '49'}
2022-07-21 09:05:31,427 - root - INFO - gathering data on collection 170 of 358 - frequencies {'itemCount': 1, 'floorPrice': '400000000000000000000', 'totalVolume': '0', 'forSale': '1'}
2022-07-21 09:05:32,603 - root - INFO - gathering data on collection 171 of 358 - FrequenciesReleases {'itemCount': 4, 'floorPrice': '320000000000000000', 'totalVolume': '350000000000000000', 'forSale': '4'}
2022-07-21 09:05:33,202 - root - INFO - gathering data on collection 172 of 358 - vidoes {'itemCount': 4, 'floorPrice': '1000000000000000000', 'totalVolume': '400000000000000000', 'forSale': '3'}
2022-07-21 09:05:35,529 - root - INFO - gathering data on collection 173 of 358 - performances {'itemCount': 6, 'floorPrice': '20000000000000000', 'totalVolume': '710000000000000000', 'forSale': '25'}
2022-07-21 09:05:38,310 - root - INFO - gathering data on collection 174 of 358 - RaiseAGlassLaunch {'itemCount': 2, 'floorPrice': '19200000000000000', 'totalVolume': '55050630000000000000', 'forSale': '169'}
2022-07-21 09:05:40,710 - root - INFO - gathering data on collection 175 of 358 - anaglyph {'itemCount': 23, 'floorPrice': '444400000000000000', 'totalVolume': '0', 'forSale': '23'}
2022-07-21 09:05:42,695 - root - INFO - gathering data on collection 176 of 358 - vogudrive {'itemCount': 12, 'floorPrice': '55000000000000000', 'totalVolume': '3042000000000000000', 'forSale': '33'}
2022-07-21 09:05:44,547 - root - INFO - gathering data on collection 177 of 358 - Moon222CoM {'itemCount': 19, 'floorPrice': '0', 'totalVolume': '0', 'forSale': '0'}
2022-07-21 09:05:45,277 - root - INFO - gathering data on collection 178 of 358 - candycolours {'itemCount': 12, 'floorPrice': '200000000000000000', 'totalVolume': '3480000000000000000', 'forSale': '44'}
2022-07-21 09:05:45,838 - root - INFO - gathering data on collection 179 of 358 - leagueofveteranslaunch {'itemCount': 2, 'floorPrice': '23000000000000000', 'totalVolume': '4145560000000000000', 'forSale': '29'}
2022-07-21 09:05:48,162 - root - INFO - gathering data on collection 180 of 358 - goth {'itemCount': 128, 'floorPrice': '16000000000000000', 'totalVolume': '1813800000000000000', 'forSale': '57'}
2022-07-21 09:05:51,003 - root - INFO - gathering data on collection 181 of 358 - deconstructedcubes {'itemCount': 16, 'floorPrice': '500000000000000000', 'totalVolume': '0', 'forSale': '16'}
2022-07-21 09:05:52,448 - root - INFO - gathering data on collection 182 of 358 - RaiseAGlassSpaceOne {'itemCount': 501, 'floorPrice': '74100000000000000', 'totalVolume': '22451890000000000000', 'forSale': '421'}
2022-07-21 09:05:54,894 - root - INFO - gathering data on collection 183 of 358 - cyberpunk-demon-kitten {'itemCount': 101, 'floorPrice': '28000000000000000', 'totalVolume': '50210360000000000000', 'forSale': '645'}
2022-07-21 09:05:57,842 - root - INFO - gathering data on collection 184 of 358 - player-one {'itemCount': 4, 'floorPrice': '150000000000000000', 'totalVolume': '3090000000000000000', 'forSale': '8'}
2022-07-21 09:05:58,754 - root - INFO - gathering data on collection 185 of 358 - demon-arcade {'itemCount': 4, 'floorPrice': '74900000000000000', 'totalVolume': '2064000000000000000', 'forSale': '20'}
2022-07-21 09:06:01,101 - root - INFO - gathering data on collection 186 of 358 - SlothSeason-DealWithIt {'itemCount': 8, 'floorPrice': '17000000000000000', 'totalVolume': '1136680000000000000', 'forSale': '6960'}
2022-07-21 09:06:03,149 - root - INFO - gathering data on collection 187 of 358 - pinball {'itemCount': 5, 'floorPrice': '50000000000000000', 'totalVolume': '2465000000000000000', 'forSale': '24'}
2022-07-21 09:06:03,991 - root - INFO - gathering data on collection 188 of 358 - ITVartbyAWR {'itemCount': 3, 'floorPrice': '0', 'totalVolume': '0', 'forSale': '0'}
2022-07-21 09:06:06,703 - root - INFO - gathering data on collection 189 of 358 - TGWFS4 {'itemCount': 6, 'floorPrice': '3500000000000000', 'totalVolume': '765000000000000000', 'forSale': '1037'}
2022-07-21 09:06:10,143 - root - INFO - gathering data on collection 190 of 358 - expressivethomas {'itemCount': 11, 'floorPrice': '3800000000000000', 'totalVolume': '7954152000000000000', 'forSale': '1414'}
2022-07-21 09:06:12,503 - root - INFO - gathering data on collection 191 of 358 - StupidMonkeyVerse {'itemCount': 11, 'floorPrice': '79000000000000000', 'totalVolume': '3921900000000000000', 'forSale': '37'}
2022-07-21 09:06:16,317 - root - INFO - gathering data on collection 192 of 358 - P2A {'itemCount': 1100, 'floorPrice': '97000000000000000', 'totalVolume': '254392170000000000000', 'forSale': '700'}
2022-07-21 09:06:18,186 - root - INFO - gathering data on collection 193 of 358 - hidden {'itemCount': 1, 'floorPrice': '69000000000000000', 'totalVolume': '983000000000000000', 'forSale': '729'}
2022-07-21 09:06:20,700 - root - INFO - gathering data on collection 194 of 358 - dottythecat {'itemCount': 48, 'floorPrice': '21000000000000000', 'totalVolume': '15506760000000000000', 'forSale': '169'}
2022-07-21 09:06:23,548 - root - INFO - gathering data on collection 195 of 358 - cyberdelics {'itemCount': 21, 'floorPrice': '400000000000000000', 'totalVolume': '4641200000000000000', 'forSale': '9'}
2022-07-21 09:06:24,153 - root - INFO - gathering data on collection 196 of 358 - smircs {'itemCount': 10, 'floorPrice': '7000000000000000000', 'totalVolume': '13230000000000000000', 'forSale': '6'}
2022-07-21 09:06:26,078 - root - INFO - gathering data on collection 197 of 358 - vzewllaunchday {'itemCount': 9, 'floorPrice': '60000000000000000', 'totalVolume': '24272170000000000000', 'forSale': '80'}
2022-07-21 09:06:28,068 - root - INFO - gathering data on collection 198 of 358 - teampenguinbyochagavia {'itemCount': 20, 'floorPrice': '5000000000000000', 'totalVolume': '953900000000000000', 'forSale': '2426'}
2022-07-21 09:06:29,086 - root - INFO - gathering data on collection 199 of 358 - AbanteProductionsLogos {'itemCount': 4, 'floorPrice': '0', 'totalVolume': '0', 'forSale': '0'}
2022-07-21 09:06:31,674 - root - INFO - gathering data on collection 200 of 358 - thugz {'itemCount': 1000, 'floorPrice': '89000000000000000', 'totalVolume': '28487400000000000000', 'forSale': '851'}
2022-07-21 09:06:34,011 - root - INFO - gathering data on collection 201 of 358 - Sets {'itemCount': 11, 'floorPrice': '7000000000000000', 'totalVolume': '2344800000000000000', 'forSale': '249'}
2022-07-21 09:06:36,435 - root - INFO - gathering data on collection 202 of 358 - Dankclops-basic-stickers {'itemCount': 5, 'floorPrice': '80000000000000000', 'totalVolume': '505000000000000000', 'forSale': '8'}
2022-07-21 09:06:38,274 - root - INFO - gathering data on collection 203 of 358 - giftshop {'itemCount': 9, 'floorPrice': '1900000000000000', 'totalVolume': '4803500000000000000', 'forSale': '1986'}
2022-07-21 09:06:39,408 - root - INFO - gathering data on collection 204 of 358 - hoop-labs-preseason {'itemCount': 68, 'floorPrice': '24990000000000000', 'totalVolume': '8927190000000000000', 'forSale': '487'}
2022-07-21 09:06:40,146 - root - INFO - gathering data on collection 205 of 358 - POPeArt1 {'itemCount': 17, 'floorPrice': '80000000000000000', 'totalVolume': '22907780000000000000', 'forSale': '45'}
2022-07-21 09:06:41,375 - root - INFO - gathering data on collection 206 of 358 - Past {'itemCount': 10, 'floorPrice': '70000000000000000', 'totalVolume': '1010000000000000000', 'forSale': '17'}
2022-07-21 09:06:44,565 - root - INFO - gathering data on collection 207 of 358 - looperheroes {'itemCount': 100, 'floorPrice': '100000000000000000', 'totalVolume': '1729000000000000000', 'forSale': '56'}
2022-07-21 09:06:48,216 - root - INFO - gathering data on collection 208 of 358 - i_loopcats {'itemCount': 1000, 'floorPrice': '70000000000000000', 'totalVolume': '35767910000000000000', 'forSale': '909'}
2022-07-21 09:06:49,885 - root - INFO - gathering data on collection 209 of 358 - frequenciesposters {'itemCount': 8, 'floorPrice': '20000000000000000', 'totalVolume': '120000000000000000', 'forSale': '135'}
2022-07-21 09:06:52,338 - root - INFO - gathering data on collection 210 of 358 - Soulie {'itemCount': 1003, 'floorPrice': '80000000000000000', 'totalVolume': '57193890000000000000', 'forSale': '711'}
2022-07-21 09:06:52,815 - root - INFO - gathering data on collection 211 of 358 - Dankclops-hell-bound {'itemCount': 5, 'floorPrice': '40000000000000000', 'totalVolume': '1365000000000000000', 'forSale': '30'}
2022-07-21 09:06:54,343 - root - INFO - gathering data on collection 212 of 358 - gem {'itemCount': 2, 'floorPrice': '0', 'totalVolume': '0', 'forSale': '0'}
2022-07-21 09:06:57,064 - root - INFO - gathering data on collection 213 of 358 - breakthecycle {'itemCount': 10, 'floorPrice': '1000000000000000', 'totalVolume': '4658150000000000000', 'forSale': '3453'}
2022-07-21 09:07:00,885 - root - INFO - gathering data on collection 214 of 358 - stonegods {'itemCount': 2222, 'floorPrice': '26900000000000000', 'totalVolume': '34091240000000000000', 'forSale': '1867'}
2022-07-21 09:07:02,595 - root - INFO - gathering data on collection 215 of 358 - demigods {'itemCount': 777, 'floorPrice': '50000000000000000', 'totalVolume': '6143570000000000000', 'forSale': '637'}
2022-07-21 09:07:03,948 - root - INFO - gathering data on collection 216 of 358 - TerminalOverdrive {'itemCount': 10, 'floorPrice': '600000000000000', 'totalVolume': '1272990000000000000', 'forSale': '48302'}
2022-07-21 09:07:05,852 - root - INFO - gathering data on collection 217 of 358 - tropical {'itemCount': 277, 'floorPrice': '20000000000000000', 'totalVolume': '2398000000000000000', 'forSale': '264'}
2022-07-21 09:07:08,647 - root - INFO - gathering data on collection 218 of 358 - PixelPupHeadsSeries2 {'itemCount': 203, 'floorPrice': '35000000000000000', 'totalVolume': '6769100000000000000', 'forSale': '85'}
2022-07-21 09:07:10,369 - root - INFO - gathering data on collection 219 of 358 - DankClops-editions {'itemCount': 6, 'floorPrice': '5000000000000000', 'totalVolume': '29000000000000000', 'forSale': '203'}
2022-07-21 09:07:10,897 - root - INFO - gathering data on collection 220 of 358 - Dankclops-Space-Miniseries {'itemCount': 5, 'floorPrice': '40000000000000000', 'totalVolume': '887000000000000000', 'forSale': '39'}
2022-07-21 09:07:13,959 - root - INFO - gathering data on collection 221 of 358 - TGWFS3 {'itemCount': 6, 'floorPrice': '4000000000000000', 'totalVolume': '1413510000000000000', 'forSale': '770'}
2022-07-21 09:07:16,013 - root - INFO - gathering data on collection 222 of 358 - decentralizedstrains {'itemCount': 33, 'floorPrice': '3160000000000000', 'totalVolume': '32772460000000000000', 'forSale': '918'}
2022-07-21 09:07:20,298 - root - INFO - gathering data on collection 223 of 358 - theBANANONAUTS {'itemCount': 1007, 'floorPrice': '1000000000000000', 'totalVolume': '48736470000000000000', 'forSale': '8974'}
2022-07-21 09:07:21,115 - root - INFO - gathering data on collection 224 of 358 - laser {'itemCount': 1, 'floorPrice': '5000000000000000000', 'totalVolume': '0', 'forSale': '1'}
2022-07-21 09:07:22,183 - root - INFO - gathering data on collection 225 of 358 - theultimatecollection {'itemCount': 39, 'floorPrice': '1000000000000000', 'totalVolume': '13206890000000000000', 'forSale': '31416'}
2022-07-21 09:07:23,995 - root - INFO - gathering data on collection 226 of 358 - leagueofveterans {'itemCount': 1234, 'floorPrice': '25000000000000000', 'totalVolume': '6652400000000000000', 'forSale': '1025'}
2022-07-21 09:07:26,178 - root - INFO - gathering data on collection 227 of 358 - SeekersofFortune {'itemCount': 7, 'floorPrice': '200000000000000000', 'totalVolume': '5300000000000000000', 'forSale': '83'}
2022-07-21 09:07:27,236 - root - INFO - gathering data on collection 228 of 358 - urbanwildlife {'itemCount': 1507, 'floorPrice': '19000000000000000', 'totalVolume': '11336747519415741089', 'forSale': '1308'}
2022-07-21 09:07:28,115 - root - INFO - gathering data on collection 229 of 358 - neonshadowpunks {'itemCount': 250, 'floorPrice': '100000000000000000', 'totalVolume': '14570000000000000000', 'forSale': '137'}
2022-07-21 09:07:30,287 - root - INFO - gathering data on collection 230 of 358 - loopingu2 {'itemCount': 1337, 'floorPrice': '79000000000000000', 'totalVolume': '11854990000000000000', 'forSale': '1307'}
2022-07-21 09:07:32,180 - root - INFO - gathering data on collection 231 of 358 - IsoRooms {'itemCount': 39, 'floorPrice': '100000000000000000', 'totalVolume': '3650000000000000000', 'forSale': '33'}
2022-07-21 09:07:34,209 - root - INFO - gathering data on collection 232 of 358 - TGWFS2 {'itemCount': 6, 'floorPrice': '3900000000000000', 'totalVolume': '1534900000000000000', 'forSale': '690'}
2022-07-21 09:07:37,390 - root - INFO - gathering data on collection 233 of 358 - FruitSalad {'itemCount': 41, 'floorPrice': '2500000000000000', 'totalVolume': '2381000000000000000', 'forSale': '42470'}
2022-07-21 09:07:40,396 - root - INFO - gathering data on collection 234 of 358 - Brainies {'itemCount': 30, 'floorPrice': '5000000000000000', 'totalVolume': '5729260000000000000', 'forSale': '28313'}
2022-07-21 09:07:41,943 - root - INFO - gathering data on collection 235 of 358 - music {'itemCount': 2, 'floorPrice': '10000000000000000', 'totalVolume': '1648880000000000000', 'forSale': '9865'}
2022-07-21 09:07:44,576 - root - INFO - gathering data on collection 236 of 358 - art {'itemCount': 16, 'floorPrice': '10000000000000000', 'totalVolume': '3180000000000000000', 'forSale': '79701'}
2022-07-21 09:07:47,164 - root - INFO - gathering data on collection 237 of 358 - frog {'itemCount': 39, 'floorPrice': '4440000000000000', 'totalVolume': '16621970000000000000', 'forSale': '42318'}
2022-07-21 09:07:47,775 - root - INFO - gathering data on collection 238 of 358 - headsandpieces {'itemCount': 16, 'floorPrice': '6900000000000000', 'totalVolume': '2181400000000000000', 'forSale': '2792'}
2022-07-21 09:07:50,405 - root - INFO - gathering data on collection 239 of 358 - BeepMiscellaneous {'itemCount': 1, 'floorPrice': '11000000000000000', 'totalVolume': '2114350000000000000', 'forSale': '58'}
2022-07-21 09:07:51,525 - root - INFO - gathering data on collection 240 of 358 - genkigenkipanic {'itemCount': 24, 'floorPrice': '690000000000000', 'totalVolume': '1750630000000000000', 'forSale': '64273'}
2022-07-21 09:07:54,098 - root - INFO - gathering data on collection 241 of 358 - Rolliez {'itemCount': 420, 'floorPrice': '26900000000000000', 'totalVolume': '3599890000000000000', 'forSale': '384'}
2022-07-21 09:07:55,263 - root - INFO - gathering data on collection 242 of 358 - StupidMonkeysAnimated {'itemCount': 741, 'floorPrice': '340000000000000000', 'totalVolume': '22346000000000000000', 'forSale': '687'}
2022-07-21 09:07:57,102 - root - INFO - gathering data on collection 243 of 358 - dtweenies {'itemCount': 1001, 'floorPrice': '100000000000000000', 'totalVolume': '62718090000000000000', 'forSale': '574'}
2022-07-21 09:07:59,052 - root - INFO - gathering data on collection 244 of 358 - tales {'itemCount': 4, 'floorPrice': '38900000000000000', 'totalVolume': '8177000000000000000', 'forSale': '53'}
2022-07-21 09:08:00,455 - root - INFO - gathering data on collection 245 of 358 - home {'itemCount': 34, 'floorPrice': '5000000000000000', 'totalVolume': '4287000000000000000', 'forSale': '110428'}
2022-07-21 09:08:02,176 - root - INFO - gathering data on collection 246 of 358 - oscilloscopepeople {'itemCount': 256, 'floorPrice': '8000000000000000', 'totalVolume': '4089390000000000000', 'forSale': '140'}
2022-07-21 09:08:04,210 - root - INFO - gathering data on collection 247 of 358 - brrrrt {'itemCount': 2, 'floorPrice': '1000000000000000', 'totalVolume': '210990000000000000', 'forSale': '10884'}
2022-07-21 09:08:04,796 - root - INFO - gathering data on collection 248 of 358 - tgwfsbonus {'itemCount': 17, 'floorPrice': '300000000000000000', 'totalVolume': '4880000000000000000', 'forSale': '20'}
2022-07-21 09:08:07,325 - root - INFO - gathering data on collection 249 of 358 - TGWFSExtras {'itemCount': 6, 'floorPrice': '34000000000000000', 'totalVolume': '378000000000000000', 'forSale': '167'}
2022-07-21 09:08:07,928 - root - INFO - gathering data on collection 250 of 358 - Dankclops-Stickers {'itemCount': 18, 'floorPrice': '3890000000000000', 'totalVolume': '4986480000000000000', 'forSale': '899'}
2022-07-21 09:08:09,122 - root - INFO - gathering data on collection 251 of 358 - sugar {'itemCount': 24, 'floorPrice': '4000000000000000', 'totalVolume': '3836690000000000000', 'forSale': '20738'}
2022-07-21 09:08:10,563 - root - INFO - gathering data on collection 252 of 358 - TGWFS1 {'itemCount': 6, 'floorPrice': '4200000000000000', 'totalVolume': '3418000000000000000', 'forSale': '329'}
2022-07-21 09:08:14,576 - root - INFO - gathering data on collection 253 of 358 - Beep {'itemCount': 63, 'floorPrice': '45000000000000000', 'totalVolume': '7251800000000000000', 'forSale': '738'}
2022-07-21 09:08:17,715 - root - INFO - gathering data on collection 254 of 358 - therepenters {'itemCount': 45, 'floorPrice': '250000000000000000', 'totalVolume': '1000000000000000000', 'forSale': '42'}
2022-07-21 09:08:18,880 - root - INFO - gathering data on collection 255 of 358 - Armies {'itemCount': 44, 'floorPrice': '10000000000000000', 'totalVolume': '1899000000000000000', 'forSale': '2653'}
2022-07-21 09:08:19,715 - root - INFO - gathering data on collection 256 of 358 - Moon222Pets {'itemCount': 374, 'floorPrice': '49990000000000000', 'totalVolume': '16489000000000000000', 'forSale': '1504'}
2022-07-21 09:08:21,735 - root - INFO - gathering data on collection 257 of 358 - seabbs {'itemCount': 68, 'floorPrice': '121000000000000000', 'totalVolume': '2153000000000000000', 'forSale': '44'}
2022-07-21 09:08:22,727 - root - INFO - gathering data on collection 258 of 358 - tinysea {'itemCount': 131, 'floorPrice': '26000000000000000', 'totalVolume': '27903640000000000000', 'forSale': '300'}
2022-07-21 09:08:23,425 - root - INFO - gathering data on collection 259 of 358 - UndeadUprising {'itemCount': 13, 'floorPrice': '45000000000000000', 'totalVolume': '4838500000000000000', 'forSale': '185'}
2022-07-21 09:08:25,633 - root - INFO - gathering data on collection 260 of 358 - NaturePhotos {'itemCount': 27, 'floorPrice': '3000000000000000', 'totalVolume': '2967450000000000000', 'forSale': '6015'}
2022-07-21 09:08:28,938 - root - INFO - gathering data on collection 261 of 358 - roaring20s {'itemCount': 316, 'floorPrice': '120000000000000000', 'totalVolume': '95333990000000000000', 'forSale': '189'}
2022-07-21 09:08:32,939 - root - INFO - gathering data on collection 262 of 358 - pxltoys {'itemCount': 128, 'floorPrice': '48000000000000000', 'totalVolume': '106962040000000000000', 'forSale': '532'}
2022-07-21 09:08:34,527 - root - INFO - gathering data on collection 263 of 358 - self {'itemCount': 1, 'floorPrice': '0', 'totalVolume': '0', 'forSale': '0'}
2022-07-21 09:08:35,199 - root - INFO - gathering data on collection 264 of 358 - abstract-tastes {'itemCount': 1, 'floorPrice': '1000000000000000000', 'totalVolume': '100000000000000000', 'forSale': '1'}
2022-07-21 09:08:38,124 - root - INFO - gathering data on collection 265 of 358 - abstract-shapes {'itemCount': 2, 'floorPrice': '0', 'totalVolume': '1080000000000000000', 'forSale': '0'}
2022-07-21 09:08:39,716 - root - INFO - gathering data on collection 266 of 358 - altered-photographs {'itemCount': 4, 'floorPrice': '300000000000000000', 'totalVolume': '280000000000000000', 'forSale': '3'}
2022-07-21 09:08:41,412 - root - INFO - gathering data on collection 267 of 358 - virtuoramas {'itemCount': 2, 'floorPrice': '0', 'totalVolume': '1100000000000000000', 'forSale': '0'}
2022-07-21 09:08:44,855 - root - INFO - gathering data on collection 268 of 358 - froggie {'itemCount': 115, 'floorPrice': '4000000000000000', 'totalVolume': '11729480000000000000', 'forSale': '9962'}
2022-07-21 09:08:46,988 - root - INFO - gathering data on collection 269 of 358 - BeepHolo {'itemCount': 31, 'floorPrice': '300000000000000000', 'totalVolume': '10756000000000000000', 'forSale': '24'}
2022-07-21 09:08:49,749 - root - INFO - gathering data on collection 270 of 358 - luma44 {'itemCount': 21, 'floorPrice': '0', 'totalVolume': '0', 'forSale': '0'}
2022-07-21 09:08:53,008 - root - INFO - gathering data on collection 271 of 358 - Rillaz {'itemCount': 1232, 'floorPrice': '94500000000000000', 'totalVolume': '5300000000000000000', 'forSale': '1201'}
2022-07-21 09:08:53,437 - root - INFO - gathering data on collection 272 of 358 - dnd-monsters {'itemCount': 4, 'floorPrice': '400000000000000000', 'totalVolume': '400000000000000000', 'forSale': '4'}
2022-07-21 09:08:54,716 - root - INFO - gathering data on collection 273 of 358 - goodboyseries1 {'itemCount': 605, 'floorPrice': '15000000000000000', 'totalVolume': '8690390000000000000', 'forSale': '450'}
2022-07-21 09:08:55,999 - root - INFO - gathering data on collection 274 of 358 - pandamation {'itemCount': 24, 'floorPrice': '175000000000000000', 'totalVolume': '4600000000000000000', 'forSale': '594'}
2022-07-21 09:08:56,938 - root - INFO - gathering data on collection 275 of 358 - BeatFreQs {'itemCount': 21, 'floorPrice': '3000000000000000', 'totalVolume': '866000000000000000', 'forSale': '26359'}
2022-07-21 09:08:59,889 - root - INFO - gathering data on collection 276 of 358 - Minimal {'itemCount': 10, 'floorPrice': '3000000000000000', 'totalVolume': '63204510000000000000', 'forSale': '11706'}
2022-07-21 09:09:01,417 - root - INFO - gathering data on collection 277 of 358 - InternetIdols {'itemCount': 14, 'floorPrice': '58000000000000000', 'totalVolume': '45883450000000000000', 'forSale': '1031'}
2022-07-21 09:09:03,345 - root - INFO - gathering data on collection 278 of 358 - originalgoodboys {'itemCount': 30, 'floorPrice': '1500000000000000000', 'totalVolume': '3900000000000000000', 'forSale': '18'}
2022-07-21 09:09:06,340 - root - INFO - gathering data on collection 279 of 358 - silentgirl {'itemCount': 1337, 'floorPrice': '49990000000000000', 'totalVolume': '10878000000000000000', 'forSale': '1274'}
2022-07-21 09:09:07,171 - root - INFO - gathering data on collection 280 of 358 - Sea {'itemCount': 7, 'floorPrice': '70000000000000000', 'totalVolume': '1075000000000000000', 'forSale': '52'}
2022-07-21 09:09:11,838 - root - INFO - gathering data on collection 281 of 358 - SlothSeason {'itemCount': 3951, 'floorPrice': '26900000000000000', 'totalVolume': '12522200000000000000', 'forSale': '3800'}
2022-07-21 09:09:12,626 - root - INFO - gathering data on collection 282 of 358 - PTTA-OG {'itemCount': 5, 'floorPrice': '5000000000000000000', 'totalVolume': '1000000000000000000', 'forSale': '2'}
2022-07-21 09:09:15,191 - root - INFO - gathering data on collection 283 of 358 - LoneNavigatorI {'itemCount': 334, 'floorPrice': '59000000000000000', 'totalVolume': '1406000000000000000', 'forSale': '165'}
2022-07-21 09:09:16,794 - root - INFO - gathering data on collection 284 of 358 - animalarcade {'itemCount': 1002, 'floorPrice': '36800000000000000', 'totalVolume': '52059870000000000000', 'forSale': '457'}
2022-07-21 09:09:19,336 - root - INFO - gathering data on collection 285 of 358 - USA {'itemCount': 4, 'floorPrice': '1200000000000000000', 'totalVolume': '160000000000000000', 'forSale': '2'}
2022-07-21 09:09:20,622 - root - INFO - gathering data on collection 286 of 358 - richdeadapes {'itemCount': 101, 'floorPrice': '4990000000000000', 'totalVolume': '6296900000000000000', 'forSale': '5027'}
2022-07-21 09:09:22,146 - root - INFO - gathering data on collection 287 of 358 - dnd {'itemCount': 38, 'floorPrice': '300000000000000000', 'totalVolume': '8200000000000000000', 'forSale': '19'}
2022-07-21 09:09:23,950 - root - INFO - gathering data on collection 288 of 358 - celestial {'itemCount': 13, 'floorPrice': '800000000000000000', 'totalVolume': '1800000000000000000', 'forSale': '196'}
2022-07-21 09:09:24,647 - root - INFO - gathering data on collection 289 of 358 - Cyberskull {'itemCount': 27, 'floorPrice': '300000000000000000', 'totalVolume': '300000000000000000', 'forSale': '260'}
2022-07-21 09:09:26,329 - root - INFO - gathering data on collection 290 of 358 - Metanaut_Holi {'itemCount': 79, 'floorPrice': '142000000000000000', 'totalVolume': '8397400000000000000', 'forSale': '35'}
2022-07-21 09:09:29,015 - root - INFO - gathering data on collection 291 of 358 - TheBeepCollection {'itemCount': 60, 'floorPrice': '890000000000000000', 'totalVolume': '7000000000000000000', 'forSale': '39'}
2022-07-21 09:09:31,649 - root - INFO - gathering data on collection 292 of 358 - Inequitys-book {'itemCount': 9, 'floorPrice': '35000000000000000', 'totalVolume': '9072960000000000000', 'forSale': '63'}
2022-07-21 09:09:33,727 - root - INFO - gathering data on collection 293 of 358 - ValuableVooDooDollCompanions {'itemCount': 140, 'floorPrice': '5000000000000000', 'totalVolume': '2123200000000000000', 'forSale': '14989'}
2022-07-21 09:09:34,891 - root - INFO - gathering data on collection 294 of 358 - LoneNavigatorII {'itemCount': 1018, 'floorPrice': '100000000000000000', 'totalVolume': '4590000000000000000', 'forSale': '1173'}
2022-07-21 09:09:36,600 - root - INFO - gathering data on collection 295 of 358 - elementals {'itemCount': 2, 'floorPrice': '30000000000000000', 'totalVolume': '126000000000000000', 'forSale': '129'}
2022-07-21 09:09:39,683 - root - INFO - gathering data on collection 296 of 358 - softrainvol.1 {'itemCount': 5, 'floorPrice': '200000000000000000', 'totalVolume': '200000000000000000', 'forSale': '4'}
2022-07-21 09:09:42,863 - root - INFO - gathering data on collection 297 of 358 - Dankclops {'itemCount': 59, 'floorPrice': '420000000000000000', 'totalVolume': '6744000000000000000', 'forSale': '52'}
2022-07-21 09:09:45,602 - root - INFO - gathering data on collection 298 of 358 - sleepycats {'itemCount': 1012, 'floorPrice': '5000000000000000', 'totalVolume': '5238010000000000000', 'forSale': '1373'}
2022-07-21 09:09:47,506 - root - INFO - gathering data on collection 299 of 358 - soon {'itemCount': 2, 'floorPrice': '0', 'totalVolume': '0', 'forSale': '0'}
2022-07-21 09:09:50,151 - root - INFO - gathering data on collection 300 of 358 - lazyloopcats {'itemCount': 75, 'floorPrice': '250000000000000000', 'totalVolume': '17073000000000000000', 'forSale': '54'}
2022-07-21 09:09:51,127 - root - INFO - gathering data on collection 301 of 358 - goodmetabrand {'itemCount': 5, 'floorPrice': '43000000000000000', 'totalVolume': '3191990000000000000', 'forSale': '199'}
2022-07-21 09:09:52,498 - root - INFO - gathering data on collection 302 of 358 - Axols {'itemCount': 299, 'floorPrice': '8990000000000000', 'totalVolume': '2088000000000000000', 'forSale': '677'}
2022-07-21 09:09:53,511 - root - INFO - gathering data on collection 303 of 358 - kawaii-dnd-dice {'itemCount': 12, 'floorPrice': '800000000000000000', 'totalVolume': '1440000000000000000', 'forSale': '10'}
2022-07-21 09:09:55,419 - root - INFO - gathering data on collection 304 of 358 - BitBots {'itemCount': 509, 'floorPrice': '3000000000000000', 'totalVolume': '12869700000000000000', 'forSale': '27630'}
2022-07-21 09:09:58,290 - root - INFO - gathering data on collection 305 of 358 - CTFO {'itemCount': 3, 'floorPrice': '33000000000000000', 'totalVolume': '100000000000000000', 'forSale': '98'}
2022-07-21 09:10:00,242 - root - INFO - gathering data on collection 306 of 358 - DDD {'itemCount': 12, 'floorPrice': '730000000000000', 'totalVolume': '15925070000000000000', 'forSale': '1977'}
2022-07-21 09:10:00,812 - root - INFO - gathering data on collection 307 of 358 - Laserwaves {'itemCount': 10, 'floorPrice': '1000000000000000000', 'totalVolume': '0', 'forSale': '10'}
2022-07-21 09:10:02,383 - root - INFO - gathering data on collection 308 of 358 - MonkeyBusiness {'itemCount': 15, 'floorPrice': '21000000000000000', 'totalVolume': '46439180000000000000', 'forSale': '223'}
2022-07-21 09:10:04,247 - root - INFO - gathering data on collection 309 of 358 - outre {'itemCount': 3, 'floorPrice': '25000000000000000', 'totalVolume': '575000000000000000', 'forSale': '14'}
2022-07-21 09:10:04,819 - root - INFO - gathering data on collection 310 of 358 - nature {'itemCount': 8, 'floorPrice': '59000000000000000', 'totalVolume': '4299100000000000000', 'forSale': '37'}
2022-07-21 09:10:06,731 - root - INFO - gathering data on collection 311 of 358 - bugs {'itemCount': 64, 'floorPrice': '4750000000000000', 'totalVolume': '825800000000000000', 'forSale': '35918'}
2022-07-21 09:10:07,799 - root - INFO - gathering data on collection 312 of 358 - somnia {'itemCount': 15, 'floorPrice': '50000000000000000', 'totalVolume': '2698000000000000000', 'forSale': '999'}
2022-07-21 09:10:09,411 - root - INFO - gathering data on collection 313 of 358 - dapperdoggos {'itemCount': 302, 'floorPrice': '30000000000000000', 'totalVolume': '5580000000000000000', 'forSale': '259'}
2022-07-21 09:10:10,997 - root - INFO - gathering data on collection 314 of 358 - yaramart {'itemCount': 67, 'floorPrice': '150000000000000000', 'totalVolume': '11734000000000000000', 'forSale': '35'}
2022-07-21 09:10:18,812 - root - INFO - gathering data on collection 315 of 358 - OrdinaryNFTCards {'itemCount': 76, 'floorPrice': '25990000000000000', 'totalVolume': '485154270000000000000', 'forSale': '1930'}
2022-07-21 09:10:21,136 - root - INFO - gathering data on collection 316 of 358 - oscilloscope {'itemCount': 36, 'floorPrice': '100000000000000000', 'totalVolume': '3961553300000000000', 'forSale': '16'}
2022-07-21 09:10:22,348 - root - INFO - gathering data on collection 317 of 358 - genesis {'itemCount': 1000, 'floorPrice': '260000000000000000', 'totalVolume': '129327900000000000000', 'forSale': '721'}
2022-07-21 09:10:24,949 - root - INFO - gathering data on collection 318 of 358 - MisAnthropesTownies {'itemCount': 7, 'floorPrice': '4100000000000000', 'totalVolume': '3861540000000000000', 'forSale': '19516'}
2022-07-21 09:10:25,404 - root - INFO - gathering data on collection 319 of 358 - motion {'itemCount': 1, 'floorPrice': '120000000000000000', 'totalVolume': '2010000000000000000', 'forSale': '6'}
2022-07-21 09:10:27,514 - root - INFO - gathering data on collection 320 of 358 - astronaut {'itemCount': 26, 'floorPrice': '12490000000000000', 'totalVolume': '52319210000000000000', 'forSale': '280'}
2022-07-21 09:10:28,841 - root - INFO - gathering data on collection 321 of 358 - testbed {'itemCount': 1, 'floorPrice': '11110000000000000000', 'totalVolume': '1000000000000000000', 'forSale': '1'}
2022-07-21 09:10:30,819 - root - INFO - gathering data on collection 322 of 358 - Tripsets {'itemCount': 25, 'floorPrice': '690000000000000000', 'totalVolume': '420690000000000000', 'forSale': '25'}
2022-07-21 09:10:32,829 - root - INFO - gathering data on collection 323 of 358 - DREAMNOSTALGIC {'itemCount': 18, 'floorPrice': '36000000000000000', 'totalVolume': '741000000000000000', 'forSale': '4290'}
2022-07-21 09:10:33,852 - root - INFO - gathering data on collection 324 of 358 - Layers {'itemCount': 28, 'floorPrice': '690000000000000000', 'totalVolume': '690000000000000000', 'forSale': '29'}
2022-07-21 09:10:39,720 - root - INFO - gathering data on collection 325 of 358 - bombatomics {'itemCount': 5000, 'floorPrice': '21000000000000000', 'totalVolume': '209084350000000000000', 'forSale': '2477'}
2022-07-21 09:10:42,475 - root - INFO - gathering data on collection 326 of 358 - thegamerroom {'itemCount': 9, 'floorPrice': '487000000000000000', 'totalVolume': '28473480000000000000', 'forSale': '38'}
2022-07-21 09:10:43,629 - root - INFO - gathering data on collection 327 of 358 - default-b107dd25-c83b-4fd3-8f3c-ed110aa689a1 {'itemCount': 117, 'floorPrice': '44000000000000000', 'totalVolume': '3826000000000000000', 'forSale': '82'}
2022-07-21 09:10:45,113 - root - INFO - gathering data on collection 328 of 358 - Branding {'itemCount': 2, 'floorPrice': '0', 'totalVolume': '0', 'forSale': '0'}
2022-07-21 09:10:48,090 - root - INFO - gathering data on collection 329 of 358 - playergloves {'itemCount': 1633, 'floorPrice': '114000000000000000', 'totalVolume': '114228190000000000000', 'forSale': '1813'}
2022-07-21 09:10:50,383 - root - INFO - gathering data on collection 330 of 358 - overwhelmed {'itemCount': 3, 'floorPrice': '164500000000000000', 'totalVolume': '33754940000000000000', 'forSale': '36'}
2022-07-21 09:10:52,348 - root - INFO - gathering data on collection 331 of 358 - MonumentGrind {'itemCount': 4, 'floorPrice': '29990000000000000', 'totalVolume': '8235690000000000000', 'forSale': '87'}
2022-07-21 09:10:54,960 - root - INFO - gathering data on collection 332 of 358 - pseudo {'itemCount': 6, 'floorPrice': '20000000000000000', 'totalVolume': '477000000000000000', 'forSale': '691'}
2022-07-21 09:10:55,402 - root - INFO - gathering data on collection 333 of 358 - AGN {'itemCount': 11, 'floorPrice': '17990000000000000', 'totalVolume': '2908600000000000000', 'forSale': '212'}
2022-07-21 09:10:57,944 - root - INFO - gathering data on collection 334 of 358 - MonsterScouts {'itemCount': 44, 'floorPrice': '37500000000000000', 'totalVolume': '1500400000000000000', 'forSale': '183'}
2022-07-21 09:11:01,502 - root - INFO - gathering data on collection 335 of 358 - cybercrew {'itemCount': 7, 'floorPrice': '40000000000000000', 'totalVolume': '1089117760000000000000', 'forSale': '2934'}
2022-07-21 09:11:04,563 - root - INFO - gathering data on collection 336 of 358 - Ghana {'itemCount': 17, 'floorPrice': '3000000000000000', 'totalVolume': '819000000000000000', 'forSale': '654'}
2022-07-21 09:11:07,432 - root - INFO - gathering data on collection 337 of 358 - IntoTheVeilHead {'itemCount': 4, 'floorPrice': '25000000000000000', 'totalVolume': '200000000000000000', 'forSale': '62'}
2022-07-21 09:11:09,635 - root - INFO - gathering data on collection 338 of 358 - Checkmates {'itemCount': 4, 'floorPrice': '80000000000000000', 'totalVolume': '1200000000000000000', 'forSale': '9'}
2022-07-21 09:11:10,278 - root - INFO - gathering data on collection 339 of 358 - nugdubzofficial {'itemCount': 37, 'floorPrice': '5000000000000000', 'totalVolume': '2073200000000000000', 'forSale': '6906'}
2022-07-21 09:11:11,509 - root - INFO - gathering data on collection 340 of 358 - reximusprime {'itemCount': 19, 'floorPrice': '440000000000000000', 'totalVolume': '9600000000000000000', 'forSale': '8'}
2022-07-21 09:11:12,376 - root - INFO - gathering data on collection 341 of 358 - householdduty {'itemCount': 1, 'floorPrice': '500000000000000000', 'totalVolume': '0', 'forSale': '1'}
2022-07-21 09:11:13,496 - root - INFO - gathering data on collection 342 of 358 - IntoTheVeil {'itemCount': 2, 'floorPrice': '13490000000000000', 'totalVolume': '14770220000000000000', 'forSale': '39363'}
2022-07-21 09:11:16,261 - root - INFO - gathering data on collection 343 of 358 - pools {'itemCount': 7, 'floorPrice': '44440000000000000', 'totalVolume': '4291100000000000000', 'forSale': '58'}
2022-07-21 09:11:19,361 - root - INFO - gathering data on collection 344 of 358 - slides {'itemCount': 10, 'floorPrice': '50000000000000000', 'totalVolume': '850000000000000000', 'forSale': '101'}
2022-07-21 09:11:22,011 - root - INFO - gathering data on collection 345 of 358 - terra {'itemCount': 5, 'floorPrice': '96900000000000000', 'totalVolume': '1799990000000000000', 'forSale': '127'}
2022-07-21 09:11:29,542 - root - ERROR - 36fab6f7-1e51-49d9-a0be-39343abafd0f (MetaBoy) Expecting value: line 1 column 1 (char 0)
2022-07-21 09:11:29,542 - root - ERROR - 36fab6f7-1e51-49d9-a0be-39343abafd0f (MetaBoy) Success! {'itemCount': 10010, 'floorPrice': 0, 'totalVolume': '1333625700000000000000', 'forSale': 0}
2022-07-21 09:11:30,065 - root - INFO - gathering data on collection 347 of 358 - Hitcats {'itemCount': 560, 'floorPrice': '20000000000000000', 'totalVolume': '21130800000000000000', 'forSale': '242'}
2022-07-21 09:11:31,673 - root - INFO - gathering data on collection 348 of 358 - MoonLanding-NFToons {'itemCount': 10, 'floorPrice': '45000000000000000', 'totalVolume': '15676770000000000000', 'forSale': '110'}
2022-07-21 09:11:34,550 - root - INFO - gathering data on collection 349 of 358 - MoonLanding {'itemCount': 1, 'floorPrice': '0', 'totalVolume': '0', 'forSale': '0'}
2022-07-21 09:11:35,768 - root - INFO - gathering data on collection 350 of 358 - protagonists {'itemCount': 6, 'floorPrice': '34000000000000000', 'totalVolume': '1276000000000000000', 'forSale': '504'}
2022-07-21 09:11:36,835 - root - INFO - gathering data on collection 351 of 358 - thehardddrive-logo {'itemCount': 1, 'floorPrice': '0', 'totalVolume': '0', 'forSale': '0'}
2022-07-21 09:11:37,375 - root - INFO - gathering data on collection 352 of 358 - sourcelab {'itemCount': 5, 'floorPrice': '60000000000000000', 'totalVolume': '4590000000000000000', 'forSale': '234'}
2022-07-21 09:11:39,546 - root - INFO - gathering data on collection 353 of 358 - Visions {'itemCount': 56, 'floorPrice': '420690000000000000', 'totalVolume': '969000000000000000', 'forSale': '55'}
2022-07-21 09:11:43,580 - root - INFO - gathering data on collection 354 of 358 - MisAnthropes {'itemCount': 990, 'floorPrice': '30000000000000000', 'totalVolume': '1762710000000000000', 'forSale': '986'}
2022-07-21 09:11:44,656 - root - INFO - gathering data on collection 355 of 358 - chippy {'itemCount': 3, 'floorPrice': '27000000000000000', 'totalVolume': '6201860000000000000', 'forSale': '113'}
2022-07-21 09:11:47,176 - root - INFO - gathering data on collection 356 of 358 - ITVcharacters {'itemCount': 12, 'floorPrice': '5000000000000000', 'totalVolume': '640390000000000000', 'forSale': '1669'}
2022-07-21 09:11:48,159 - root - INFO - gathering data on collection 357 of 358 - corners {'itemCount': 16, 'floorPrice': '200000000000000000', 'totalVolume': '9599000000000000000', 'forSale': '426'}
2022-07-21 09:11:49,124 - root - INFO - gathering data on collection 358 of 358 - releases {'itemCount': 2, 'floorPrice': '0', 'totalVolume': '0', 'forSale': '0'}
